<?xml version="1.0" encoding="UTF-8"?>
<!-- Generated by org.testng.reporters.JUnitReportReporter -->
<testsuite skipped="0" hostname="LEO-UBU" name="forum.test.PostTest" tests="3" failures="0" timestamp="2020-04-21T14:01:30 MSK" time="0.049" errors="0">
  <testcase name="testAddPostWithNullFields" time="0.002" classname="forum.test.PostTest"/>
  <testcase name="testAddPost" time="0.038" classname="forum.test.PostTest"/>
  <testcase name="testFindById" time="0.009" classname="forum.test.PostTest"/>
</testsuite> <!-- forum.test.PostTest -->
