<?xml version="1.0" encoding="UTF-8"?>
<!-- Generated by org.testng.reporters.JUnitReportReporter -->
<testsuite skipped="0" hostname="LEO-UBU" name="forum.test.AttachmentTest" tests="3" failures="0" timestamp="2020-04-20T20:42:03 MSK" time="0.125" errors="0">
  <testcase name="testFindById" time="0.023" classname="forum.test.AttachmentTest"/>
  <testcase name="testAddAttachmentWithNullFields" time="0.008" classname="forum.test.AttachmentTest"/>
  <testcase name="testAddAttachment" time="0.094" classname="forum.test.AttachmentTest"/>
</testsuite> <!-- forum.test.AttachmentTest -->
