<?xml version="1.0" encoding="UTF-8"?>
<!-- Generated by org.testng.reporters.JUnitReportReporter -->
<testsuite skipped="0" hostname="LEO-UBU" name="forum.test.SectionTest" tests="7" failures="0" timestamp="2020-03-24T18:13:35 MSK" time="1.207" errors="0">
  <testcase name="testDeleteSection" time="0.330" classname="forum.test.SectionTest"/>
  <testcase name="testGetUsersBySections" time="0.096" classname="forum.test.SectionTest"/>
  <testcase name="testAddNullSection" time="0.088" classname="forum.test.SectionTest"/>
  <testcase name="testFindById" time="0.181" classname="forum.test.SectionTest"/>
  <testcase name="testAddNotNullSection" time="0.221" classname="forum.test.SectionTest"/>
  <testcase name="testFindByTitle" time="0.169" classname="forum.test.SectionTest"/>
  <testcase name="testAddExistingSection" time="0.122" classname="forum.test.SectionTest"/>
</testsuite> <!-- forum.test.SectionTest -->
