<?xml version="1.0" encoding="UTF-8"?>
<!-- Generated by org.testng.reporters.JUnitReportReporter -->
<testsuite skipped="0" hostname="LEO-UBU" name="forum.test.UserTest" tests="9" failures="0" timestamp="2020-03-25T17:53:13 MSK" time="4.707" errors="0">
  <testcase name="testDeleteUser" time="0.406" classname="forum.test.UserTest"/>
  <testcase name="testMD5" time="0.257" classname="forum.test.UserTest"/>
  <testcase name="testFindById" time="0.345" classname="forum.test.UserTest"/>
  <testcase name="testAddNullUser" time="0.155" classname="forum.test.UserTest"/>
  <testcase name="testBlockUnblockUser" time="0.777" classname="forum.test.UserTest"/>
  <testcase name="testGetActiveUsers" time="0.658" classname="forum.test.UserTest"/>
  <testcase name="testAddNotNullUser" time="1.736" classname="forum.test.UserTest"/>
  <testcase name="testAddExistingUser" time="0.173" classname="forum.test.UserTest"/>
  <testcase name="testFindByLogin" time="0.200" classname="forum.test.UserTest"/>
</testsuite> <!-- forum.test.UserTest -->
