<?xml version="1.0" encoding="UTF-8"?>
<!-- Generated by org.testng.reporters.JUnitReportReporter -->
<testsuite skipped="0" hostname="LEO-UBU" name="forum.test.PostTest" tests="3" failures="0" timestamp="2020-04-20T20:39:27 MSK" time="0.129" errors="0">
  <testcase name="testAddPost" time="0.113" classname="forum.test.PostTest"/>
  <testcase name="testFindById" time="0.005" classname="forum.test.PostTest"/>
  <testcase name="testAddPostWithNullFields" time="0.011" classname="forum.test.PostTest"/>
</testsuite> <!-- forum.test.PostTest -->
