<?xml version="1.0" encoding="UTF-8"?>
<!-- Generated by org.testng.reporters.JUnitReportReporter -->
<testsuite skipped="0" hostname="LEO-UBU" name="forum.test.UserTest" tests="9" failures="0" timestamp="2020-03-24T23:07:57 MSK" time="12.376" errors="0">
  <testcase name="testFindByLogin" time="0.662" classname="forum.test.UserTest"/>
  <testcase name="testAddNullUser" time="0.410" classname="forum.test.UserTest"/>
  <testcase name="testAddExistingUser" time="0.416" classname="forum.test.UserTest"/>
  <testcase name="testBlockUnblockUser" time="1.876" classname="forum.test.UserTest"/>
  <testcase name="testGetActiveUsers" time="1.781" classname="forum.test.UserTest"/>
  <testcase name="testDeleteUser" time="0.919" classname="forum.test.UserTest"/>
  <testcase name="testFindById" time="0.894" classname="forum.test.UserTest"/>
  <testcase name="testSHA512" time="0.297" classname="forum.test.UserTest"/>
  <testcase name="testAddNotNullUser" time="5.121" classname="forum.test.UserTest"/>
</testsuite> <!-- forum.test.UserTest -->
