<?xml version="1.0" encoding="UTF-8"?>
<!-- Generated by org.testng.reporters.JUnitReportReporter -->
<testsuite skipped="0" hostname="LEO-UBU" name="forum.test.UserTest" tests="9" failures="0" timestamp="2020-03-25T17:56:14 MSK" time="4.026" errors="0">
  <testcase name="testAddExistingUser" time="0.154" classname="forum.test.UserTest"/>
  <testcase name="testMD5" time="0.135" classname="forum.test.UserTest"/>
  <testcase name="testFindById" time="0.272" classname="forum.test.UserTest"/>
  <testcase name="testAddNullUser" time="0.138" classname="forum.test.UserTest"/>
  <testcase name="testAddNotNullUser" time="1.558" classname="forum.test.UserTest"/>
  <testcase name="testBlockUnblockUser" time="0.578" classname="forum.test.UserTest"/>
  <testcase name="testGetActiveUsers" time="0.617" classname="forum.test.UserTest"/>
  <testcase name="testFindByLogin" time="0.258" classname="forum.test.UserTest"/>
  <testcase name="testDeleteUser" time="0.316" classname="forum.test.UserTest"/>
</testsuite> <!-- forum.test.UserTest -->
