<?xml version="1.0" encoding="UTF-8"?>
<!-- Generated by org.testng.reporters.JUnitReportReporter -->
<testsuite skipped="0" hostname="LEO-UBU" name="forum.test.PostTest" tests="3" failures="0" timestamp="2020-03-25T17:53:13 MSK" time="0.561" errors="0">
  <testcase name="testAddPostWithNullFields" time="0.059" classname="forum.test.PostTest"/>
  <testcase name="testAddPost" time="0.367" classname="forum.test.PostTest"/>
  <testcase name="testFindById" time="0.135" classname="forum.test.PostTest"/>
</testsuite> <!-- forum.test.PostTest -->
