<?xml version="1.0" encoding="UTF-8"?>
<!-- Generated by org.testng.reporters.JUnitReportReporter -->
<testsuite skipped="0" hostname="LEO-UBU" name="forum.test.UserTest" tests="9" failures="0" timestamp="2020-03-24T18:42:07 MSK" time="4.324" errors="0">
  <testcase name="testSHA512" time="0.120" classname="forum.test.UserTest"/>
  <testcase name="testAddNotNullUser" time="1.737" classname="forum.test.UserTest"/>
  <testcase name="testDeleteUser" time="0.304" classname="forum.test.UserTest"/>
  <testcase name="testAddExistingUser" time="0.129" classname="forum.test.UserTest"/>
  <testcase name="testFindById" time="0.335" classname="forum.test.UserTest"/>
  <testcase name="testBlockUnblockUser" time="0.679" classname="forum.test.UserTest"/>
  <testcase name="testGetActiveUsers" time="0.588" classname="forum.test.UserTest"/>
  <testcase name="testAddNullUser" time="0.186" classname="forum.test.UserTest"/>
  <testcase name="testFindByLogin" time="0.246" classname="forum.test.UserTest"/>
</testsuite> <!-- forum.test.UserTest -->
