<?xml version="1.0" encoding="UTF-8"?>
<!-- Generated by org.testng.reporters.JUnitReportReporter -->
<testsuite skipped="0" hostname="LEO-UBU" name="forum.test.PostTest" tests="3" failures="0" timestamp="2020-03-25T17:56:14 MSK" time="0.647" errors="0">
  <testcase name="testAddPost" time="0.432" classname="forum.test.PostTest"/>
  <testcase name="testFindById" time="0.138" classname="forum.test.PostTest"/>
  <testcase name="testAddPostWithNullFields" time="0.077" classname="forum.test.PostTest"/>
</testsuite> <!-- forum.test.PostTest -->
