<?xml version="1.0" encoding="UTF-8"?>
<!-- Generated by org.testng.reporters.JUnitReportReporter -->
<testsuite skipped="0" hostname="LEO-UBU" name="forum.test.TopicTest" tests="9" failures="0" timestamp="2020-03-25T17:56:14 MSK" time="1.284" errors="0">
  <testcase name="testAddExistingTopic" time="0.077" classname="forum.test.TopicTest"/>
  <testcase name="testAddTopicInNullSection" time="0.000" classname="forum.test.TopicTest"/>
  <testcase name="testIfTopicInSection" time="0.311" classname="forum.test.TopicTest"/>
  <testcase name="testAddTopicInEmptySection" time="0.079" classname="forum.test.TopicTest"/>
  <testcase name="testDeleteTopic" time="0.251" classname="forum.test.TopicTest"/>
  <testcase name="testFindByTitleNull" time="0.000" classname="forum.test.TopicTest"/>
  <testcase name="testFindById" time="0.320" classname="forum.test.TopicTest"/>
  <testcase name="testFindByTitle" time="0.090" classname="forum.test.TopicTest"/>
  <testcase name="testAddTopic" time="0.156" classname="forum.test.TopicTest"/>
</testsuite> <!-- forum.test.TopicTest -->
