<?xml version="1.0" encoding="UTF-8"?>
<!-- Generated by org.testng.reporters.JUnitReportReporter -->
<testsuite skipped="0" hostname="LEO-UBU" name="forum.test.TopicTest" tests="9" failures="0" timestamp="2020-03-24T18:13:35 MSK" time="1.186" errors="0">
  <testcase name="testAddExistingTopic" time="0.086" classname="forum.test.TopicTest"/>
  <testcase name="testAddTopicInEmptySection" time="0.076" classname="forum.test.TopicTest"/>
  <testcase name="testAddTopic" time="0.186" classname="forum.test.TopicTest"/>
  <testcase name="testFindByTitle" time="0.096" classname="forum.test.TopicTest"/>
  <testcase name="testDeleteTopic" time="0.221" classname="forum.test.TopicTest"/>
  <testcase name="testFindById" time="0.196" classname="forum.test.TopicTest"/>
  <testcase name="testAddTopicInNullSection" time="0.001" classname="forum.test.TopicTest"/>
  <testcase name="testFindByTitleNull" time="0.000" classname="forum.test.TopicTest"/>
  <testcase name="testIfTopicInSection" time="0.324" classname="forum.test.TopicTest"/>
</testsuite> <!-- forum.test.TopicTest -->
