<?xml version="1.0" encoding="UTF-8"?>
<!-- Generated by org.testng.reporters.JUnitReportReporter -->
<testsuite skipped="0" hostname="LEO-UBU" name="forum.test.SectionTest" tests="7" failures="0" timestamp="2020-04-21T14:01:30 MSK" time="0.259" errors="0">
  <testcase name="testAddNullSection" time="0.002" classname="forum.test.SectionTest"/>
  <testcase name="testFindById" time="0.019" classname="forum.test.SectionTest"/>
  <testcase name="testAddExistingSection" time="0.011" classname="forum.test.SectionTest"/>
  <testcase name="testAddNotNullSection" time="0.125" classname="forum.test.SectionTest"/>
  <testcase name="testDeleteSection" time="0.037" classname="forum.test.SectionTest"/>
  <testcase name="testFindByTitle" time="0.014" classname="forum.test.SectionTest"/>
  <testcase name="testGetUsersBySections" time="0.051" classname="forum.test.SectionTest"/>
</testsuite> <!-- forum.test.SectionTest -->
