<?xml version="1.0" encoding="UTF-8"?>
<!-- Generated by org.testng.reporters.JUnitReportReporter -->
<testsuite skipped="0" hostname="LEO-UBU" name="forum.test.AttachmentTest" tests="3" failures="0" timestamp="2020-03-25T17:56:14 MSK" time="0.378" errors="0">
  <testcase name="testAddAttachment" time="0.256" classname="forum.test.AttachmentTest"/>
  <testcase name="testFindById" time="0.122" classname="forum.test.AttachmentTest"/>
  <testcase name="testAddAttachmentWithNullFields" time="0.000" classname="forum.test.AttachmentTest"/>
</testsuite> <!-- forum.test.AttachmentTest -->
