<?xml version="1.0" encoding="UTF-8"?>
<!-- Generated by org.testng.reporters.JUnitReportReporter -->
<testsuite skipped="0" hostname="LEO-UBU" name="forum.test.PostTest" tests="3" failures="0" timestamp="2020-03-24T18:35:24 MSK" time="0.729" errors="0">
  <testcase name="testAddPostWithNullFields" time="0.094" classname="forum.test.PostTest"/>
  <testcase name="testAddPost" time="0.408" classname="forum.test.PostTest"/>
  <testcase name="testFindById" time="0.227" classname="forum.test.PostTest"/>
</testsuite> <!-- forum.test.PostTest -->
