<?xml version="1.0" encoding="UTF-8"?>
<!-- Generated by org.testng.reporters.JUnitReportReporter -->
<testsuite skipped="0" hostname="LEO-UBU" name="forum.test.AttachmentTest" tests="3" failures="0" timestamp="2020-03-24T18:35:24 MSK" time="0.548" errors="0">
  <testcase name="testAddAttachment" time="0.376" classname="forum.test.AttachmentTest"/>
  <testcase name="testFindById" time="0.170" classname="forum.test.AttachmentTest"/>
  <testcase name="testAddAttachmentWithNullFields" time="0.002" classname="forum.test.AttachmentTest"/>
</testsuite> <!-- forum.test.AttachmentTest -->
