<?xml version="1.0" encoding="UTF-8"?>
<!-- Generated by org.testng.reporters.JUnitReportReporter -->
<testsuite skipped="0" hostname="LEO-UBU" name="forum.UserTest" tests="9" failures="0" timestamp="2020-03-24T12:33:16 MSK" time="10.612" errors="0">
  <testcase name="testAddNullUser" time="0.339" classname="forum.UserTest"/>
  <testcase name="testFindByLogin" time="0.488" classname="forum.UserTest"/>
  <testcase name="testSHA512" time="0.225" classname="forum.UserTest"/>
  <testcase name="testAddExistingUser" time="3.726" classname="forum.UserTest"/>
  <testcase name="testDeleteUser" time="0.991" classname="forum.UserTest"/>
  <testcase name="testAddNotNullUser" time="0.986" classname="forum.UserTest"/>
  <testcase name="testBlockUnblockUser" time="1.701" classname="forum.UserTest"/>
  <testcase name="testFindById" time="0.534" classname="forum.UserTest"/>
  <testcase name="testGetActiveUsers" time="1.622" classname="forum.UserTest"/>
</testsuite> <!-- forum.UserTest -->
