<?xml version="1.0" encoding="UTF-8"?>
<!-- Generated by org.testng.reporters.JUnitReportReporter -->
<testsuite skipped="0" hostname="LEO-UBU" name="forum.test.UserTest" tests="9" failures="0" timestamp="2020-03-24T18:13:35 MSK" time="4.438" errors="0">
  <testcase name="testDeleteUser" time="0.343" classname="forum.test.UserTest"/>
  <testcase name="testGetActiveUsers" time="0.747" classname="forum.test.UserTest"/>
  <testcase name="testFindByLogin" time="0.258" classname="forum.test.UserTest"/>
  <testcase name="testAddNotNullUser" time="0.392" classname="forum.test.UserTest"/>
  <testcase name="testAddExistingUser" time="1.482" classname="forum.test.UserTest"/>
  <testcase name="testBlockUnblockUser" time="0.700" classname="forum.test.UserTest"/>
  <testcase name="testSHA512" time="0.126" classname="forum.test.UserTest"/>
  <testcase name="testAddNullUser" time="0.145" classname="forum.test.UserTest"/>
  <testcase name="testFindById" time="0.245" classname="forum.test.UserTest"/>
</testsuite> <!-- forum.test.UserTest -->
