<?xml version="1.0" encoding="UTF-8"?>
<!-- Generated by org.testng.reporters.JUnitReportReporter -->
<testsuite skipped="0" hostname="LEO-UBU" name="forum.test.TopicTest" tests="9" failures="0" timestamp="2020-03-24T18:35:24 MSK" time="1.747" errors="0">
  <testcase name="testFindByTitleNull" time="0.000" classname="forum.test.TopicTest"/>
  <testcase name="testAddTopic" time="0.457" classname="forum.test.TopicTest"/>
  <testcase name="testAddExistingTopic" time="0.108" classname="forum.test.TopicTest"/>
  <testcase name="testIfTopicInSection" time="0.412" classname="forum.test.TopicTest"/>
  <testcase name="testDeleteTopic" time="0.335" classname="forum.test.TopicTest"/>
  <testcase name="testAddTopicInEmptySection" time="0.115" classname="forum.test.TopicTest"/>
  <testcase name="testFindById" time="0.216" classname="forum.test.TopicTest"/>
  <testcase name="testAddTopicInNullSection" time="0.001" classname="forum.test.TopicTest"/>
  <testcase name="testFindByTitle" time="0.103" classname="forum.test.TopicTest"/>
</testsuite> <!-- forum.test.TopicTest -->
