<?xml version="1.0" encoding="UTF-8"?>
<!-- Generated by org.testng.reporters.JUnitReportReporter -->
<testsuite skipped="0" hostname="LEO-UBU" name="forum.test.SectionTest" tests="7" failures="0" timestamp="2020-03-24T18:35:24 MSK" time="1.507" errors="0">
  <testcase name="testAddNullSection" time="0.133" classname="forum.test.SectionTest"/>
  <testcase name="testAddExistingSection" time="0.115" classname="forum.test.SectionTest"/>
  <testcase name="testGetUsersBySections" time="0.178" classname="forum.test.SectionTest"/>
  <testcase name="testAddNotNullSection" time="0.253" classname="forum.test.SectionTest"/>
  <testcase name="testFindById" time="0.229" classname="forum.test.SectionTest"/>
  <testcase name="testDeleteSection" time="0.348" classname="forum.test.SectionTest"/>
  <testcase name="testFindByTitle" time="0.251" classname="forum.test.SectionTest"/>
</testsuite> <!-- forum.test.SectionTest -->
