<?xml version="1.0" encoding="UTF-8"?>
<!-- Generated by org.testng.reporters.JUnitReportReporter -->
<testsuite skipped="0" hostname="LEO-UBU" name="forum.test.SectionTest" tests="7" failures="0" timestamp="2020-04-20T20:35:13 MSK" time="0.548" errors="0">
  <testcase name="testAddExistingSection" time="0.230" classname="forum.test.SectionTest"/>
  <testcase name="testFindById" time="0.014" classname="forum.test.SectionTest"/>
  <testcase name="testFindByTitle" time="0.008" classname="forum.test.SectionTest"/>
  <testcase name="testAddNotNullSection" time="0.043" classname="forum.test.SectionTest"/>
  <testcase name="testGetUsersBySections" time="0.079" classname="forum.test.SectionTest"/>
  <testcase name="testDeleteSection" time="0.170" classname="forum.test.SectionTest"/>
  <testcase name="testAddNullSection" time="0.004" classname="forum.test.SectionTest"/>
</testsuite> <!-- forum.test.SectionTest -->
