<?xml version="1.0" encoding="UTF-8"?>
<!-- Generated by org.testng.reporters.JUnitReportReporter -->
<testsuite skipped="0" hostname="LEO-UBU" name="forum.test.SectionTest" tests="7" failures="0" timestamp="2020-03-25T17:53:13 MSK" time="1.243" errors="0">
  <testcase name="testFindByTitle" time="0.204" classname="forum.test.SectionTest"/>
  <testcase name="testAddExistingSection" time="0.097" classname="forum.test.SectionTest"/>
  <testcase name="testGetUsersBySections" time="0.094" classname="forum.test.SectionTest"/>
  <testcase name="testAddNullSection" time="0.084" classname="forum.test.SectionTest"/>
  <testcase name="testDeleteSection" time="0.376" classname="forum.test.SectionTest"/>
  <testcase name="testAddNotNullSection" time="0.209" classname="forum.test.SectionTest"/>
  <testcase name="testFindById" time="0.179" classname="forum.test.SectionTest"/>
</testsuite> <!-- forum.test.SectionTest -->
