<?xml version="1.0" encoding="UTF-8"?>
<!-- Generated by org.testng.reporters.JUnitReportReporter -->
<testsuite skipped="0" hostname="LEO-UBU" name="forum.test.TopicTest" tests="9" failures="0" timestamp="2020-04-20T20:42:08 MSK" time="0.175" errors="0">
  <testcase name="testIfTopicInSection" time="0.010" classname="forum.test.TopicTest"/>
  <testcase name="testAddTopic" time="0.120" classname="forum.test.TopicTest"/>
  <testcase name="testFindByTitleNull" time="0.001" classname="forum.test.TopicTest"/>
  <testcase name="testAddTopicInEmptySection" time="0.007" classname="forum.test.TopicTest"/>
  <testcase name="testAddExistingTopic" time="0.006" classname="forum.test.TopicTest"/>
  <testcase name="testDeleteTopic" time="0.017" classname="forum.test.TopicTest"/>
  <testcase name="testFindByTitle" time="0.004" classname="forum.test.TopicTest"/>
  <testcase name="testAddTopicInNullSection" time="0.000" classname="forum.test.TopicTest"/>
  <testcase name="testFindById" time="0.010" classname="forum.test.TopicTest"/>
</testsuite> <!-- forum.test.TopicTest -->
