<?xml version="1.0" encoding="UTF-8"?>
<!-- Generated by org.testng.reporters.JUnitReportReporter -->
<testsuite skipped="0" hostname="LEO-UBU" name="forum.test.PostTest" tests="3" failures="0" timestamp="2020-03-24T23:07:57 MSK" time="1.416" errors="0">
  <testcase name="testFindById" time="0.326" classname="forum.test.PostTest"/>
  <testcase name="testAddPostWithNullFields" time="0.185" classname="forum.test.PostTest"/>
  <testcase name="testAddPost" time="0.905" classname="forum.test.PostTest"/>
</testsuite> <!-- forum.test.PostTest -->
