<?xml version="1.0" encoding="UTF-8"?>
<!-- Generated by org.testng.reporters.JUnitReportReporter -->
<testsuite skipped="0" hostname="LEO-UBU" name="forum.test.SectionTest" tests="7" failures="0" timestamp="2020-03-24T23:07:57 MSK" time="2.957" errors="0">
  <testcase name="testAddNotNullSection" time="0.566" classname="forum.test.SectionTest"/>
  <testcase name="testFindByTitle" time="0.443" classname="forum.test.SectionTest"/>
  <testcase name="testAddNullSection" time="0.252" classname="forum.test.SectionTest"/>
  <testcase name="testGetUsersBySections" time="0.233" classname="forum.test.SectionTest"/>
  <testcase name="testAddExistingSection" time="0.235" classname="forum.test.SectionTest"/>
  <testcase name="testDeleteSection" time="0.844" classname="forum.test.SectionTest"/>
  <testcase name="testFindById" time="0.384" classname="forum.test.SectionTest"/>
</testsuite> <!-- forum.test.SectionTest -->
