<?xml version="1.0" encoding="UTF-8"?>
<!-- Generated by org.testng.reporters.JUnitReportReporter -->
<testsuite skipped="0" hostname="LEO-UBU" name="forum.test.PostTest" tests="3" failures="0" timestamp="2020-03-24T18:13:35 MSK" time="0.671" errors="0">
  <testcase name="testAddPost" time="0.430" classname="forum.test.PostTest"/>
  <testcase name="testAddPostWithNullFields" time="0.059" classname="forum.test.PostTest"/>
  <testcase name="testFindById" time="0.182" classname="forum.test.PostTest"/>
</testsuite> <!-- forum.test.PostTest -->
