<?xml version="1.0" encoding="UTF-8"?>
<!-- Generated by org.testng.reporters.JUnitReportReporter -->
<testsuite skipped="0" hostname="LEO-UBU" name="forum.test.TopicTest" tests="9" failures="0" timestamp="2020-03-24T23:07:57 MSK" time="3.314" errors="0">
  <testcase name="testAddTopic" time="0.542" classname="forum.test.TopicTest"/>
  <testcase name="testAddExistingTopic" time="0.212" classname="forum.test.TopicTest"/>
  <testcase name="testFindByTitleNull" time="0.001" classname="forum.test.TopicTest"/>
  <testcase name="testAddTopicInEmptySection" time="0.207" classname="forum.test.TopicTest"/>
  <testcase name="testFindByTitle" time="0.198" classname="forum.test.TopicTest"/>
  <testcase name="testFindById" time="0.373" classname="forum.test.TopicTest"/>
  <testcase name="testDeleteTopic" time="0.770" classname="forum.test.TopicTest"/>
  <testcase name="testIfTopicInSection" time="1.011" classname="forum.test.TopicTest"/>
  <testcase name="testAddTopicInNullSection" time="0.000" classname="forum.test.TopicTest"/>
</testsuite> <!-- forum.test.TopicTest -->
