<?xml version="1.0" encoding="UTF-8"?>
<!-- Generated by org.testng.reporters.JUnitReportReporter -->
<testsuite skipped="0" hostname="LEO-UBU" name="forum.test.TopicTest" tests="9" failures="0" timestamp="2020-03-25T17:53:13 MSK" time="1.174" errors="0">
  <testcase name="testAddTopicInNullSection" time="0.001" classname="forum.test.TopicTest"/>
  <testcase name="testAddExistingTopic" time="0.077" classname="forum.test.TopicTest"/>
  <testcase name="testDeleteTopic" time="0.289" classname="forum.test.TopicTest"/>
  <testcase name="testFindById" time="0.149" classname="forum.test.TopicTest"/>
  <testcase name="testFindByTitleNull" time="0.000" classname="forum.test.TopicTest"/>
  <testcase name="testIfTopicInSection" time="0.321" classname="forum.test.TopicTest"/>
  <testcase name="testAddTopic" time="0.198" classname="forum.test.TopicTest"/>
  <testcase name="testFindByTitle" time="0.069" classname="forum.test.TopicTest"/>
  <testcase name="testAddTopicInEmptySection" time="0.070" classname="forum.test.TopicTest"/>
</testsuite> <!-- forum.test.TopicTest -->
