<?xml version="1.0" encoding="UTF-8"?>
<!-- Generated by org.testng.reporters.JUnitReportReporter -->
<testsuite skipped="0" hostname="LEO-UBU" name="forum.test.AttachmentTest" tests="3" failures="0" timestamp="2020-03-24T23:07:57 MSK" time="1.060" errors="0">
  <testcase name="testFindById" time="0.350" classname="forum.test.AttachmentTest"/>
  <testcase name="testAddAttachment" time="0.710" classname="forum.test.AttachmentTest"/>
  <testcase name="testAddAttachmentWithNullFields" time="0.000" classname="forum.test.AttachmentTest"/>
</testsuite> <!-- forum.test.AttachmentTest -->
