<?xml version="1.0" encoding="UTF-8"?>
<!-- Generated by org.testng.reporters.JUnitReportReporter -->
<testsuite skipped="0" hostname="LEO-UBU" name="forum.test.AttachmentTest" tests="3" failures="0" timestamp="2020-04-21T14:01:30 MSK" time="0.059" errors="0">
  <testcase name="testAddAttachmentWithNullFields" time="0.001" classname="forum.test.AttachmentTest"/>
  <testcase name="testAddAttachment" time="0.020" classname="forum.test.AttachmentTest"/>
  <testcase name="testFindById" time="0.038" classname="forum.test.AttachmentTest"/>
</testsuite> <!-- forum.test.AttachmentTest -->
